  AddNewSchema.cpp
C:\IT\praktikum iz SQLa\SqlSeminar\SqlSeminar\AddNewSchema.h(197,21): warning C4101: 'e': unreferenced local variable
  DeleteSchema.cpp
C:\IT\praktikum iz SQLa\SqlSeminar\SqlSeminar\DeleteSchema.h(212,22): warning C4101: 'e': unreferenced local variable
C:\IT\praktikum iz SQLa\SqlSeminar\SqlSeminar\DeleteSchema.h(216,21): warning C4101: 'e': unreferenced local variable
  MainForm.cpp
C:\IT\praktikum iz SQLa\SqlSeminar\SqlSeminar\AddNewSchema.h(197,21): warning C4101: 'e': unreferenced local variable
C:\IT\praktikum iz SQLa\SqlSeminar\SqlSeminar\DeleteSchema.h(212,22): warning C4101: 'e': unreferenced local variable
C:\IT\praktikum iz SQLa\SqlSeminar\SqlSeminar\DeleteSchema.h(216,21): warning C4101: 'e': unreferenced local variable
C:\Program Files (x86)\Windows Kits\10\Include\10.0.19041.0\um\objidl.h(12152,71): error C3699: '*': cannot use this indirection on type 'IDataObject'
C:\Program Files (x86)\Windows Kits\10\Include\10.0.19041.0\um\objidl.h(12152,71): message : compiler replacing '*' with '^' to continue parsing
C:\Program Files (x86)\Windows Kits\10\Include\10.0.19041.0\um\objidl.h(12167,5): error C2371: 'IDataObject': redefinition; different basic types
C:\Program Files (x86)\Windows Kits\10\Include\10.0.19041.0\um\objidl.h(590): message : see declaration of 'IDataObject'
C:\Program Files (x86)\Windows Kits\10\Include\10.0.19041.0\um\objidl.h(12342,33): error C3699: '*': cannot use this indirection on type 'IDataObject'
C:\Program Files (x86)\Windows Kits\10\Include\10.0.19041.0\um\objidl.h(12342,33): message : compiler replacing '*' with '^' to continue parsing
C:\Program Files (x86)\Windows Kits\10\Include\10.0.19041.0\um\objidl.h(12355,33): error C3699: '*': cannot use this indirection on type 'IDataObject'
C:\Program Files (x86)\Windows Kits\10\Include\10.0.19041.0\um\objidl.h(12355,33): message : compiler replacing '*' with '^' to continue parsing
C:\Program Files (x86)\Windows Kits\10\Include\10.0.19041.0\um\objidl.h(12368,33): error C3699: '*': cannot use this indirection on type 'IDataObject'
C:\Program Files (x86)\Windows Kits\10\Include\10.0.19041.0\um\objidl.h(12368,33): message : compiler replacing '*' with '^' to continue parsing
C:\Program Files (x86)\Windows Kits\10\Include\10.0.19041.0\um\objidl.h(12416,47): error C3699: '*': cannot use this indirection on type 'IDataObject'
C:\Program Files (x86)\Windows Kits\10\Include\10.0.19041.0\um\objidl.h(12416,47): message : compiler replacing '*' with '^' to continue parsing
C:\Program Files (x86)\Windows Kits\10\Include\10.0.19041.0\um\objidl.h(12436,43): error C3699: '*': cannot use this indirection on type 'IDataObject'
C:\Program Files (x86)\Windows Kits\10\Include\10.0.19041.0\um\objidl.h(12436,43): message : compiler replacing '*' with '^' to continue parsing
C:\Program Files (x86)\Windows Kits\10\Include\10.0.19041.0\um\objidl.h(12547,55): error C3699: '*': cannot use this indirection on type 'IMessageFilter'
C:\Program Files (x86)\Windows Kits\10\Include\10.0.19041.0\um\objidl.h(12547,55): message : compiler replacing '*' with '^' to continue parsing
C:\Program Files (x86)\Windows Kits\10\Include\10.0.19041.0\um\objidl.h(12597,5): error C2371: 'IMessageFilter': redefinition; different basic types
C:\Program Files (x86)\Windows Kits\10\Include\10.0.19041.0\um\objidl.h(604): message : see declaration of 'IMessageFilter'
C:\Program Files (x86)\Windows Kits\10\Include\10.0.19041.0\um\objidl.h(15087,23): error C3699: '*': cannot use this indirection on type 'IDataObject'
C:\Program Files (x86)\Windows Kits\10\Include\10.0.19041.0\um\objidl.h(15087,23): message : compiler replacing '*' with '^' to continue parsing
C:\Program Files (x86)\Windows Kits\10\Include\10.0.19041.0\um\objidl.h(15095,33): error C3699: '*': cannot use this indirection on type 'IDataObject'
C:\Program Files (x86)\Windows Kits\10\Include\10.0.19041.0\um\objidl.h(15095,33): message : compiler replacing '*' with '^' to continue parsing
C:\Program Files (x86)\Windows Kits\10\Include\10.0.19041.0\um\objidl.h(15100,23): error C3699: '*': cannot use this indirection on type 'IDataObject'
C:\Program Files (x86)\Windows Kits\10\Include\10.0.19041.0\um\objidl.h(15100,23): message : compiler replacing '*' with '^' to continue parsing
C:\Program Files (x86)\Windows Kits\10\Include\10.0.19041.0\um\objidl.h(15108,33): error C3699: '*': cannot use this indirection on type 'IDataObject'
C:\Program Files (x86)\Windows Kits\10\Include\10.0.19041.0\um\objidl.h(15108,33): message : compiler replacing '*' with '^' to continue parsing
C:\Program Files (x86)\Windows Kits\10\Include\10.0.19041.0\um\objidl.h(15113,23): error C3699: '*': cannot use this indirection on type 'IDataObject'
C:\Program Files (x86)\Windows Kits\10\Include\10.0.19041.0\um\objidl.h(15113,23): message : compiler replacing '*' with '^' to continue parsing
C:\Program Files (x86)\Windows Kits\10\Include\10.0.19041.0\um\objidl.h(15122,33): error C3699: '*': cannot use this indirection on type 'IDataObject'
C:\Program Files (x86)\Windows Kits\10\Include\10.0.19041.0\um\objidl.h(15122,33): message : compiler replacing '*' with '^' to continue parsing
C:\Program Files (x86)\Windows Kits\10\Include\10.0.19041.0\um\oleidl.h(423,70): error C3699: '*': cannot use this indirection on type 'IDataObject'
C:\Program Files (x86)\Windows Kits\10\Include\10.0.19041.0\um\oleidl.h(423,70): message : compiler replacing '*' with '^' to continue parsing
C:\Program Files (x86)\Windows Kits\10\Include\10.0.19041.0\um\oleidl.h(1230,70): error C3699: '*': cannot use this indirection on type 'IDataObject'
C:\Program Files (x86)\Windows Kits\10\Include\10.0.19041.0\um\oleidl.h(1230,70): message : compiler replacing '*' with '^' to continue parsing
C:\Program Files (x86)\Windows Kits\10\Include\10.0.19041.0\um\oleidl.h(1236,72): error C3699: '*': cannot use this indirection on type 'IDataObject'
C:\Program Files (x86)\Windows Kits\10\Include\10.0.19041.0\um\oleidl.h(1236,72): message : compiler replacing '*' with '^' to continue parsing
C:\Program Files (x86)\Windows Kits\10\Include\10.0.19041.0\um\oleidl.h(3468,71): error C3699: '*': cannot use this indirection on type 'IDropTarget'
C:\Program Files (x86)\Windows Kits\10\Include\10.0.19041.0\um\oleidl.h(3468,71): message : compiler replacing '*' with '^' to continue parsing
C:\Program Files (x86)\Windows Kits\10\Include\10.0.19041.0\um\oleidl.h(3508,5): error C2371: 'IDropTarget': redefinition; different basic types
C:\Program Files (x86)\Windows Kits\10\Include\10.0.19041.0\um\oleidl.h(184): message : see declaration of 'IDropTarget'
C:\Program Files (x86)\Windows Kits\10\Include\10.0.19041.0\um\servprov.h(91,81): error C3699: '*': cannot use this indirection on type 'IServiceProvider'
C:\Program Files (x86)\Windows Kits\10\Include\10.0.19041.0\um\servprov.h(91,81): message : compiler replacing '*' with '^' to continue parsing
C:\Program Files (x86)\Windows Kits\10\Include\10.0.19041.0\um\servprov.h(98,9): error C2371: 'IServiceProvider': redefinition; different basic types
C:\Program Files (x86)\Windows Kits\10\Include\10.0.19041.0\um\servprov.h(44): message : see declaration of 'IServiceProvider'
C:\Program Files (x86)\Windows Kits\10\Include\10.0.19041.0\um\servprov.h(115,47): error C3699: '*': cannot use this indirection on type 'IServiceProvider'
C:\Program Files (x86)\Windows Kits\10\Include\10.0.19041.0\um\servprov.h(115,47): message : compiler replacing '*' with '^' to continue parsing
C:\Program Files (x86)\Windows Kits\10\Include\10.0.19041.0\um\servprov.h(239,28): error C3699: '*': cannot use this indirection on type 'IServiceProvider'
C:\Program Files (x86)\Windows Kits\10\Include\10.0.19041.0\um\servprov.h(239,28): message : compiler replacing '*' with '^' to continue parsing
C:\Program Files (x86)\Windows Kits\10\Include\10.0.19041.0\um\servprov.h(249,38): error C3699: '*': cannot use this indirection on type 'IServiceProvider'
C:\Program Files (x86)\Windows Kits\10\Include\10.0.19041.0\um\servprov.h(249,38): message : compiler replacing '*' with '^' to continue parsing
C:\Program Files (x86)\Windows Kits\10\Include\10.0.19041.0\um\urlmon.h(6870,70): error C3699: '*': cannot use this indirection on type 'IServiceProvider'
C:\Program Files (x86)\Windows Kits\10\Include\10.0.19041.0\um\urlmon.h(6870,70): message : compiler replacing '*' with '^' to continue parsing
C:\Program Files (x86)\Windows Kits\10\Include\10.0.19041.0\um\urlmon.h(6872,66): error C3699: '*': cannot use this indirection on type 'IServiceProvider'
C:\Program Files (x86)\Windows Kits\10\Include\10.0.19041.0\um\urlmon.h(6872,66): message : compiler replacing '*' with '^' to continue parsing
C:\Program Files (x86)\Windows Kits\10\Include\10.0.19041.0\um\ole2.h(210,100): error C3699: '*': cannot use this indirection on type 'IDataObject'
C:\Program Files (x86)\Windows Kits\10\Include\10.0.19041.0\um\ole2.h(210,100): message : compiler replacing '*' with '^' to continue parsing
C:\IT\praktikum iz SQLa\SqlSeminar\SqlSeminar\Program.cpp(36,40): warning C4267: '=': conversion from 'size_t' to 'int', possible loss of data
C:\IT\praktikum iz SQLa\SqlSeminar\SqlSeminar\MainForm.cpp(6,11): error C2976: 'std::array': too few template arguments
C:\Program Files\Microsoft Visual Studio\2022\Community\VC\Tools\MSVC\14.31.31103\include\utility(480): message : see declaration of 'std::array'
C:\IT\praktikum iz SQLa\SqlSeminar\SqlSeminar\MainForm.cpp(6,31): error C3699: '^': cannot use this indirection on type 'std::array'
C:\IT\praktikum iz SQLa\SqlSeminar\SqlSeminar\MainForm.cpp(6,31): message : compiler replacing '^' with '*' to continue parsing
  Program.cpp
C:\Program Files (x86)\Windows Kits\10\Include\10.0.19041.0\um\servprov.h(91,81): error C3699: '*': cannot use this indirection on type 'IServiceProvider'
C:\Program Files (x86)\Windows Kits\10\Include\10.0.19041.0\um\servprov.h(91,81): message : compiler replacing '*' with '^' to continue parsing
C:\Program Files (x86)\Windows Kits\10\Include\10.0.19041.0\um\servprov.h(98,9): error C2371: 'IServiceProvider': redefinition; different basic types
C:\Program Files (x86)\Windows Kits\10\Include\10.0.19041.0\um\servprov.h(44): message : see declaration of 'IServiceProvider'
C:\Program Files (x86)\Windows Kits\10\Include\10.0.19041.0\um\servprov.h(115,47): error C3699: '*': cannot use this indirection on type 'IServiceProvider'
C:\Program Files (x86)\Windows Kits\10\Include\10.0.19041.0\um\servprov.h(115,47): message : compiler replacing '*' with '^' to continue parsing
C:\Program Files (x86)\Windows Kits\10\Include\10.0.19041.0\um\servprov.h(239,28): error C3699: '*': cannot use this indirection on type 'IServiceProvider'
C:\Program Files (x86)\Windows Kits\10\Include\10.0.19041.0\um\servprov.h(239,28): message : compiler replacing '*' with '^' to continue parsing
C:\Program Files (x86)\Windows Kits\10\Include\10.0.19041.0\um\servprov.h(249,38): error C3699: '*': cannot use this indirection on type 'IServiceProvider'
C:\Program Files (x86)\Windows Kits\10\Include\10.0.19041.0\um\servprov.h(249,38): message : compiler replacing '*' with '^' to continue parsing
C:\Program Files (x86)\Windows Kits\10\Include\10.0.19041.0\um\urlmon.h(6870,70): error C3699: '*': cannot use this indirection on type 'IServiceProvider'
C:\Program Files (x86)\Windows Kits\10\Include\10.0.19041.0\um\urlmon.h(6870,70): message : compiler replacing '*' with '^' to continue parsing
C:\Program Files (x86)\Windows Kits\10\Include\10.0.19041.0\um\urlmon.h(6872,66): error C3699: '*': cannot use this indirection on type 'IServiceProvider'
C:\Program Files (x86)\Windows Kits\10\Include\10.0.19041.0\um\urlmon.h(6872,66): message : compiler replacing '*' with '^' to continue parsing
C:\IT\praktikum iz SQLa\SqlSeminar\SqlSeminar\Program.cpp(36,40): warning C4267: '=': conversion from 'size_t' to 'int', possible loss of data
  Generating Code...
